untitled/build/app/outputs/mapping/release/seeds.txt
com.example.untitled.MainActivity: MainActivity()
com.example.untitled.MainActivity
...
com.google.android.gms.internal.measurement.zzca$zza: boolean zzf
io.flutter.plugin.editing.ImeSyncDeferringInsetsCallback: android.view.WindowInsets onProgress(android.view.WindowInsets,java.util.List)
io.flutter.embedding.engine.mutatorsstack.FlutterMutatorsStack$FlutterMutatorType: io.flutter.embedding.engine.mutatorsstack.FlutterMutatorsStack$FlutterMutatorType[] values()
com.google.android.gms.measurement.internal.AppMeasurementDynamiteService: void setConsentThirdParty(android.os.Bundle,long)
androidx.legacy.content.WakefulBroadcastReceiver: WakefulBroadcastReceiver()
com.google.android.gms.measurement.AppMeasurement$ConditionalUserProperty
com.google.android.gms.internal.measurement.zzcd$zzg: com.google.android.gms.internal.measurement.zzcd$zzg zzax
com.google.android.gms.internal.measurement.zzcd$zzk: int zzc
com.google.firebase.components.ComponentDiscoveryService: ComponentDiscoveryService()
com.google.android.gms.measurement.internal.AppMeasurementDynamiteService: void onActivityStopped(com.google.android.gms.dynamic.IObjectWrapper,long)
com.google.android.gms.internal.measurement.zzcd$zzi: com.google.android.gms.internal.measurement.zzcd$zzi zzg
com.google.android.gms.internal.measurement.zzu: zzu()
com.google.android.gms.measurement.internal.AppMeasurementDynamiteService: void setMeasurementEnabled(boolean,long)
androidx.core.graphics.drawable.IconCompatParcelizer: IconCompatParcelizer()
io.flutter.embedding.android.FlutterSplashView$SavedState: FlutterSplashView$SavedState(android.os.Parcelable)
com.google.android.gms.internal.measurement.zzbv$zzf: int zzc
io.flutter.embedding.engine.FlutterJNI: java.lang.Long nativePlatformViewId
androidx.core.graphics.drawable.IconCompatParcelizer: androidx.core.graphics.drawable.IconCompat read(androidx.versionedparcelable.VersionedParcel)
androidx.lifecycle.Lifecycle$Event: androidx.lifecycle.Lifecycle$Event[] $VALUES
androidx.lifecycle.ReportFragment$LifecycleCallbacks: void onActivityStopped(android.app.Activity)
io.flutter.embedding.engine.FlutterJNI: void onDisplayPlatformView(int,int,int,int,int,int,int,io.flutter.embedding.engine.mutatorsstack.FlutterMutatorsStack)
io.flutter.embedding.android.FlutterView$ZeroSides: io.flutter.embedding.android.FlutterView$ZeroSides valueOf(java.lang.String)
io.flutter.view.AccessibilityViewEmbedder: void setFlutterNodesTranslateBounds(android.view.accessibility.AccessibilityNodeInfo,android.graphics.Rect,android.view.accessibility.AccessibilityNodeInfo)
com.google.android.gms.internal.measurement.zzcd$zze: float zzg
com.google.android.gms.signin.internal.zaj: android.os.Parcelable$Creator CREATOR
io.flutter.embedding.engine.FlutterOverlaySurface: int id
com.google.android.gms.measurement.AppMeasurement$ConditionalUserProperty: long mCreationTimestamp
io.flutter.embedding.android.FlutterTextureView: io.flutter.embedding.engine.renderer.FlutterRenderer getAttachedRenderer()
io.flutter.plugin.platform.SingleViewPresentation: int viewId
com.google.firebase.FirebaseCommonRegistrar: FirebaseCommonRegistrar()
io.flutter.embedding.engine.FlutterJNI: long nativeAttach(io.flutter.embedding.engine.FlutterJNI,boolean)
com.google.android.gms.measurement.internal.AppMeasurementDynamiteService: void getCurrentScreenName(com.google.android.gms.internal.measurement.zzw)
com.google.android.gms.internal.measurement.zzbv$zzd$zza: com.google.android.gms.internal.measurement.zzbv$zzd$zza[] values()
com.google.android.gms.internal.measurement.zzck$zzb: com.google.android.gms.internal.measurement.zzck$zzb zzf
io.flutter.embedding.engine.systemchannels.SettingsChannel$PlatformBrightness: io.flutter.embedding.engine.systemchannels.SettingsChannel$PlatformBrightness[] values()
android.support.v4.app.RemoteActionCompatParcelizer: androidx.core.app.RemoteActionCompat read(androidx.versionedparcelable.VersionedParcel)
com.google.android.gms.internal.measurement.zzcd$zzg: java.lang.String zzs