untitled/build/app/outputs/mapping/release/mapping.txt
# compiler: R8
# compiler_version: 2.1.75
# min_api: 16
# pg_map_id: 6298c50
# common_typos_disable
...
androidx.fragment.app.FragmentState -> androidx.fragment.app.m:
    java.lang.String mTag -> f
    int mMaxLifecycleState -> l
    boolean mDetached -> i
    boolean mHidden -> k
    androidx.fragment.app.Fragment mInstance -> n
    int mFragmentId -> d
    int mContainerId -> e
    android.os.Bundle mArguments -> j
    android.os.Bundle mSavedFragmentState -> m
    java.lang.String mClassName -> a
    boolean mRetainInstance -> g
    boolean mRemoving -> h
    java.lang.String mWho -> b
    boolean mFromLayout -> c
    androidx.fragment.app.Fragment instantiate(java.lang.ClassLoader,androidx.fragment.app.FragmentFactory) -> a
androidx.fragment.app.FragmentState$1 -> androidx.fragment.app.m$a:
    androidx.fragment.app.FragmentState createFromParcel(android.os.Parcel) -> a
    androidx.fragment.app.FragmentState[] newArray(int) -> b
androidx.fragment.app.FragmentTransaction -> androidx.fragment.app.n:
    java.lang.String mName -> i
    int mBreadCrumbShortTitleRes -> l
    boolean mReorderingAllowed -> p
    int mBreadCrumbTitleRes -> j
    int mTransition -> f
    int mTransitionStyle -> g
    int mPopEnterAnim -> d
    int mPopExitAnim -> e
    int mEnterAnim -> b
    int mExitAnim -> c
    java.util.ArrayList mOps -> a
    java.lang.CharSequence mBreadCrumbTitleText -> k
    java.util.ArrayList mSharedElementTargetNames -> o
    java.lang.CharSequence mBreadCrumbShortTitleText -> m
    java.util.ArrayList mSharedElementSourceNames -> n
    boolean mAddToBackStack -> h
    java.util.ArrayList mCommitRunnables -> q
    androidx.fragment.app.FragmentTransaction add(androidx.fragment.app.Fragment,java.lang.String) -> b
    void addOp(androidx.fragment.app.FragmentTransaction$Op) -> c
    int commit() -> d
    int commitAllowingStateLoss() -> e
    void doAddOp(int,androidx.fragment.app.Fragment,java.lang.String,int) -> f
    androidx.fragment.app.FragmentTransaction remove(androidx.fragment.app.Fragment) -> g
androidx.fragment.app.FragmentTransaction$Op -> androidx.fragment.app.n$a:
    int mPopExitAnim -> f
    androidx.fragment.app.Fragment mFragment -> b
    int mExitAnim -> d
    androidx.lifecycle.Lifecycle$State mCurrentMaxState -> h
    int mPopEnterAnim -> e
    androidx.lifecycle.Lifecycle$State mOldMaxState -> g
    int mEnterAnim -> c
    int mCmd -> a
androidx.fragment.app.FragmentTransition -> androidx.fragment.app.o:
    androidx.fragment.app.FragmentTransitionImpl PLATFORM_IMPL -> b
    androidx.fragment.app.FragmentTransitionImpl SUPPORT_IMPL -> c
    int[] INVERSE_OPS -> a
    void setOutEpicenter(androidx.fragment.app.FragmentTransitionImpl,java.lang.Object,java.lang.Object,androidx.collection.ArrayMap,boolean,androidx.fragment.app.BackStackRecord) -> A
    void setViewVisibility(java.util.ArrayList,int) -> B
    void startTransitions(androidx.fragment.app.FragmentManagerImpl,java.util.ArrayList,java.util.ArrayList,int,int,boolean) -> C
    void addSharedElementsWithMatchingNames(java.util.ArrayList,androidx.collection.ArrayMap,java.util.Collection) -> a
    void addToFirstInLastOut(androidx.fragment.app.BackStackRecord,androidx.fragment.app.FragmentTransaction$Op,android.util.SparseArray,boolean,boolean) -> b
    void calculateFragments(androidx.fragment.app.BackStackRecord,android.util.SparseArray,boolean) -> c
    androidx.collection.ArrayMap calculateNameOverrides(int,java.util.ArrayList,java.util.ArrayList,int,int) -> d
    void calculatePopFragments(androidx.fragment.app.BackStackRecord,android.util.SparseArray,boolean) -> e
    void callSharedElementStartEnd(androidx.fragment.app.Fragment,androidx.fragment.app.Fragment,boolean,androidx.collection.ArrayMap,boolean) -> f
    boolean canHandleAll(androidx.fragment.app.FragmentTransitionImpl,java.util.List) -> g
androidx.fragment.app.FragmentTransition$1 -> androidx.fragment.app.o$a:
    java.util.ArrayList val$exitingViews -> a