untitled/build/app/outputs/mapping/release/usage.txt
com.example.untitled.R$mipmap
com.example.untitled.R$color
com.example.untitled.R$id
com.example.untitled.R$attr
com.example.untitled.R$dimen
com.example.untitled.BuildConfig
com.example.untitled.R$style
com.example.untitled.R$layout
com.example.untitled.R$integer
com.example.untitled.R
com.example.untitled.R$string
com.example.untitled.R$drawable
com.example.untitled.R$styleable
...
androidx.core.content.pm.PermissionInfoCompat
kotlin.io.SerializableKt
androidx.core.view.ViewCompat$ScrollIndicators
com.google.android.gms.common.api.ResolvingResultCallbacks
io.flutter.embedding.android.SplashScreenProvider
com.google.firebase.emulators.EmulatedServiceSettings
androidx.core.view.NestedScrollingParentHelper
kotlin.jvm.internal.ByteSpreadBuilder
androidx.core.view.accessibility.AccessibilityWindowInfoCompat
androidx.core.location.LocationManagerCompat
com.google.android.gms.common.internal.ServiceSpecificExtraArgs$CastExtraArgs
com.google.android.gms.maps.zzah
com.google.android.gms.common.internal.zal
com.google.android.gms.common.api.ResolvableApiException:
    public android.app.PendingIntent getResolution()
com.google.android.gms.common.api.internal.LifecycleCallback:
    protected static com.google.android.gms.common.api.internal.LifecycleFragment getFragment(com.google.android.gms.common.api.internal.LifecycleActivity)
    public static com.google.android.gms.common.api.internal.LifecycleFragment getFragment(android.app.Activity)
    public static com.google.android.gms.common.api.internal.LifecycleFragment getFragment(android.content.ContextWrapper)
    protected void <init>(com.google.android.gms.common.api.internal.LifecycleFragment)
    public android.app.Activity getActivity()
    public void onCreate(android.os.Bundle)
    public void onStart()
    public void onResume()
    public void onSaveInstanceState(android.os.Bundle)
    public void onActivityResult(int,int,android.content.Intent)
    public void onStop()
    public void onDestroy()
    public void dump(java.lang.String,java.io.FileDescriptor,java.io.PrintWriter,java.lang.String[])
    protected final com.google.android.gms.common.api.internal.LifecycleFragment mLifecycleFragment
kotlin.text.Typography
com.google.android.gms.maps.model.Polygon:
    public final java.util.List getPoints()
    public final void setHoles(java.util.List)
    public final java.util.List getHoles()
    public final float getStrokeWidth()
    public final int getStrokeColor()
    public final void setStrokeJointType(int)
    public final int getStrokeJointType()
    public final void setStrokePattern(java.util.List)
    public final java.util.List getStrokePattern()
    public final int getFillColor()
    public final float getZIndex()
    public final boolean isVisible()
    public final boolean isGeodesic()
    public final boolean isClickable()
    public final void setTag(java.lang.Object)
    public final java.lang.Object getTag()
io.flutter.embedding.android.FlutterActivity$CachedEngineIntentBuilder
kotlin.collections.ArrayDequeKt
kotlin.ULongArray
com.google.android.gms.internal.location.zzal:
    public final void zza(com.google.android.gms.internal.location.zzad)
androidx.core.provider.FontsContractCompat$4$6
com.google.android.gms.common.internal.GmsClientEventManager$GmsClientEventState
androidx.activity.R$color
com.google.android.gms.maps.model.StreetViewPanoramaOrientation
io.flutter.plugin.common.FlutterException:
    private static final java.lang.String TAG
kotlin.jvm.functions.Function20
androidx.lifecycle.ViewModel:
    java.lang.Object setTagIfAbsent(java.lang.String,java.lang.Object)
    java.lang.Object getTag(java.lang.String)
androidx.annotation.RequiresApi
com.google.android.gms.common.providers.PooledExecutorsProvider
com.google.android.gms.maps.SupportStreetViewPanoramaFragment
kotlin.jvm.internal.LocalVariableReference
com.google.android.gms.common.data.zaa
androidx.core.app.NotificationCompat$DecoratedCustomViewStyle
com.google.android.gms.common.api.internal.zaj
androidx.viewpager.R$color
kotlin.internal.AccessibleLateinitPropertyLiteral
kotlin.jvm.internal.ShortSpreadBuilder
com.google.android.gms.common.R$string:
    private void <init>()